2016/10/05 12:48:43 [error] [php] Use of undefined constant REQUEST_URI - assumed 'REQUEST_URI' (/var/www/html/rapportsoftware.co.uk/html.demo/stock/ims/protected/views/setup/otherdevices.php:19)
Stack trace:
#0 /var/www/html/rapportsoftware.co.uk/html.demo/stock/framework/web/CController.php(869): SetupController->renderFile()
#1 /var/www/html/rapportsoftware.co.uk/html.demo/stock/framework/web/CController.php(782): SetupController->renderPartial()
#2 /var/www/html/rapportsoftware.co.uk/html.demo/stock/ims/protected/controllers/SetupController.php(438): SetupController->render()
#3 /var/www/html/rapportsoftware.co.uk/html.demo/stock/framework/web/actions/CInlineAction.php(49): SetupController->actionOtherdevices()
#4 /var/www/html/rapportsoftware.co.uk/html.demo/stock/framework/web/CController.php(308): CInlineAction->runWithParams()
#5 /var/www/html/rapportsoftware.co.uk/html.demo/stock/framework/web/filters/CFilterChain.php(133): SetupController->runAction()
#6 /var/www/html/rapportsoftware.co.uk/html.demo/stock/framework/web/filters/CFilter.php(40): CFilterChain->run()
#7 /var/www/html/rapportsoftware.co.uk/html.demo/stock/framework/web/CController.php(1145): CAccessControlFilter->filter()
#8 /var/www/html/rapportsoftware.co.uk/html.demo/stock/framework/web/filters/CInlineFilter.php(58): SetupController->filterAccessControl()
#9 /var/www/html/rapportsoftware.co.uk/html.demo/stock/framework/web/filters/CFilterChain.php(130): CInlineFilter->filter()
#10 /var/www/html/rapportsoftware.co.uk/html.demo/stock/framework/web/CController.php(291): CFilterChain->run()
#11 /var/www/html/rapportsoftware.co.uk/html.demo/stock/framework/web/CController.php(265): SetupController->runActionWithFilters()
#12 /var/www/html/rapportsoftware.co.uk/html.demo/stock/framework/web/CWebApplication.php(282): SetupController->run()
#13 /var/www/html/rapportsoftware.co.uk/html.demo/stock/framework/web/CWebApplication.php(141): CWebApplication->runController()
#14 /var/www/html/rapportsoftware.co.uk/html.demo/stock/framework/base/CApplication.php(180): CWebApplication->processRequest()
#15 /var/www/html/rapportsoftware.co.uk/html.demo/stock/ims/index.php(19): CWebApplication->run()
REQUEST_URI=/stock/ims/index.php?r=setup/otherdevices
in /var/www/html/rapportsoftware.co.uk/html.demo/stock/ims/protected/views/setup/otherdevices.php (19)
in /var/www/html/rapportsoftware.co.uk/html.demo/stock/ims/protected/controllers/SetupController.php (438)
in /var/www/html/rapportsoftware.co.uk/html.demo/stock/ims/index.php (19)
